<?xml version="1.0" encoding="UTF-8"?>
<!-- Generated by org.testng.reporters.JUnitXMLReporter -->
<testsuite ignored="0" hostname="angapparaja" failures="0" tests="68" name="HRMSAutomationStructure" time="3604.898" errors="0" timestamp="2023-02-02T16:34:09 IST">
  <testcase classname="com.hrmsstructure.testcases.StructureHierarchyRoleDescriptionTest" name="verifyAddStructureRoledescription" time="18.077"/>
  <testcase classname="com.hrmsstructure.testcases.StructureHierarchyRoleDescriptionTest" name="verifyStructureRoledescriptionRoleCodeNegativeCheck" time="5.348"/>
  <testcase classname="com.hrmsstructure.testcases.StructureHierarchyRoleDescriptionTest" name="verifyStructureRoledescriptionRoleCodeMandatoryFieldCheck" time="17.112"/>
  <testcase classname="com.hrmsstructure.testcases.StructureHierarchyRoleDescriptionTest" name="verifyStructureRoledescriptionDepartNameMandatoryFieldCheck" time="7.78"/>
  <testcase classname="com.hrmsstructure.testcases.StructureHierarchyRoleDescriptionTest" name="verifyStructureRoledescriptionRoleSummaryMandatoryFieldCheck" time="16.866"/>
  <testcase classname="com.hrmsstructure.testcases.StructureHierarchyRoleDescriptionTest" name="verifyStructureRoledescriptionDeliverableMandatoryFieldCheck" time="16.937"/>
  <testcase classname="com.hrmsstructure.testcases.StructureHierarchyRoleDescriptionTest" name="verifyStructureRoleDescriptionResetBtn" time="18.247"/>
  <testcase classname="com.hrmsstructure.testcases.StructureHierarchyRoleDescriptionTest" name="VerifySearchTheStructureRoleDescriptionName" time="4.827"/>
  <testcase classname="com.hrmsstructure.testcases.StructureHierarchyPositionHistoryTest" name="verifyStructurePositionHistoryPagination" time="58.496"/>
  <testcase classname="com.hrmsstructure.testcases.StructureHierarchyPositionHistoryTest" name="VerifySearchTheStructureRoleDescriptionName" time="59.629"/>
  <testcase classname="com.hrmsstructure.testcases.StructureRecruitmentSetupTest" name="verifyAddStructureRecruitmentSetup" time="15.887"/>
  <testcase classname="com.hrmsstructure.testcases.StructureRecruitmentSetupTest" name="verifyStructureRecruitmentSetupNegativeCheck" time="10.067"/>
  <testcase classname="com.hrmsstructure.testcases.StructureRecruitmentSetupTest" name="verifyStructureRecruitmentSetupPositionNameMandatoryFieldCheck" time="14.122"/>
  <testcase classname="com.hrmsstructure.testcases.StructureRecruitmentSetupTest" name="verifyRecruitmentSetupDuplicateCheck" time="16.172"/>
  <testcase classname="com.hrmsstructure.testcases.StructureRecruitmentSetupTest" name="verifyRecruitmentSetupResetBtn" time="15.34"/>
  <testcase classname="com.hrmsstructure.testcases.StructureRecruitmentSetupTest" name="VerifySearchTheStructureRoleDescriptionName" time="60.957"/>
  <testcase classname="com.hrmsstructure.testcases.StructureRecruitmentMRFRaiseTest" name="verifyAddStructureRecruitmentMRFRaise" time="59.596"/>
  <testcase classname="com.hrmsstructure.testcases.StructureRecruitmentMRFRaiseTest" name="verifyStructureRecruitmentMRFRaiseNegativeCheck" time="59.752"/>
  <testcase classname="com.hrmsstructure.testcases.StructureRecruitmentMRFRaiseTest" name="verifyRecruitmentMRFRaiseNoOfPositionsMandatoryFieldCheck" time="59.538"/>
  <testcase classname="com.hrmsstructure.testcases.StructureRecruitmentMRFRaiseTest" name="VerifySearchTheRecruitmentMRFRaiseRequestedDate" time="59.475"/>
  <testcase classname="com.hrmsstructure.testcases.StructureRecruitmentMRFStatusTest" name="verifyRecruitmentMRFRaisePagination" time="59.604"/>
  <testcase classname="com.hrmsstructure.testcases.StructureRecruitmentMRFStatusTest" name="VerifySearchTheRecruitmentMRFRaiseRequestedDate" time="61.764"/>
  <testcase classname="com.hrmsstructure.testcases.StructureRecruitmentCvUploadTest" name="verifyRecruitmentUploadPagination" time="59.699"/>
  <testcase classname="com.hrmsstructure.testcases.StructureRecruitmentCvUploadTest" name="VerifySearchTheRecruitmenCvUploadPositionName" time="59.494"/>
  <testcase classname="com.hrmsstructure.testcases.StructureRecruitmentInternalPostingTest" name="verifyRecruitmentInternalPostingPagination" time="59.56"/>
  <testcase classname="com.hrmsstructure.testcases.StructureRecruitmentInternalPostingTest" name="VerifySearchTheRecruitmenInternalPostingPositionName" time="60.612"/>
  <testcase classname="com.hrmsstructure.testcases.StructureRecruitmentCvRepositoryTest" name="verifyRecruitmentCvRepositoryPagination" time="59.475"/>
  <testcase classname="com.hrmsstructure.testcases.StructureRecruitmentCvRepositoryTest" name="VerifySearchTheRecruitmenCvRepositoryPositionName" time="60.866"/>
  <testcase classname="com.hrmsstructure.testcases.StructureRecruitmentCvRepositoryTest" name="VerifySearchTheRecruitmenCvRepositoryMobileCheck" time="59.623"/>
  <testcase classname="com.hrmsstructure.testcases.StructureRecruitmentCvRepositoryTest" name="VerifySearchTheRecruitmenCvShortListMobileCheck" time="59.469"/>
  <testcase classname="com.hrmsstructure.testcases.StructureRecruitmentCommunicationTest" name="verifyRecruitmentStructureRecruitmentCommunicationPagination" time="60.446"/>
  <testcase classname="com.hrmsstructure.testcases.StructureRecruitmentCommunicationTest" name="VerifySearchTheRecruitmenStructureRecruitmentCommunicationPositionName" time="60.915"/>
  <testcase classname="com.hrmsstructure.testcases.StructureRecruitmentCommunicationTest" name="VerifySearchTheRecruitmenCommunicationCreatedDate" time="60.738"/>
  <testcase classname="com.hrmsstructure.testcases.StructureInterviewSchedulingTest" name="verifyaddInterviewScheduling" time="5.682"/>
  <testcase classname="com.hrmsstructure.testcases.StructureInterviewSchedulingTest" name="VerifyInterviewSchdulingAddInterviewer" time="3.544"/>
  <testcase classname="com.hrmsstructure.testcases.StructureInterviewSchedulingTest" name="VerifyInterviewSchdulingTrashInterviewer" time="3.53"/>
  <testcase classname="com.hrmsstructure.testcases.StructureInterviewStatusTest" name="verifyaddInterviewstatus" time="5.544"/>
  <testcase classname="com.hrmsstructure.testcases.StructureInterviewStatusTest" name="VerifyInterviewStatusInterviewdateMandatoryFieldCheck" time="5.603"/>
  <testcase classname="com.hrmsstructure.testcases.StructureInterviewStatusTest" name="verifyInterviewStatusPagination" time="58.544"/>
  <testcase classname="com.hrmsstructure.testcases.StructureInterviewStatusTest" name="VerifySearchTheInterviewStatusName" time="59.855"/>
  <testcase classname="com.hrmsstructure.testcases.StructureInterviewSelectedTest" name="verifyStructureinterviewSelectedPagination" time="58.524"/>
  <testcase classname="com.hrmsstructure.testcases.StructureInterviewSelectedTest" name="VerifySearchTheinterviewSelectedPositionName" time="59.595"/>
  <testcase classname="com.hrmsstructure.testcases.StructureInterviewSelectedTest" name="VerifySearchTheinterviewSelectedName" time="59.74"/>
  <testcase classname="com.hrmsstructure.testcases.StructureInterviewHistoryTest" name="verifyaddStructureInterviewHistory" time="3.282"/>
  <testcase classname="com.hrmsstructure.testcases.StructureInterviewHistoryTest" name="verifyInterviewHistoryJobPositionMandatoryFieldCheck" time="6.36"/>
  <testcase classname="com.hrmsstructure.testcases.StructureInterviewHistoryTest" name="verifyInterviewHistorySelectionStatusMandatoryFieldCheck" time="3.35"/>
  <testcase classname="com.hrmsstructure.testcases.StructureInterviewHistoryTest" name="verifyStructureHistoryPagination" time="58.319"/>
  <testcase classname="com.hrmsstructure.testcases.StructureInterviewHistoryTest" name="VerifySearchStructureinterviewHistoryPositionName" time="4.437"/>
  <testcase classname="com.hrmsstructure.testcases.StructureInterviewHistoryTest" name="VerifySearchStructureinterviewHistoryCandidateName" time="4.348"/>
  <testcase classname="com.hrmsstructure.testcases.StructureManualProcessOfferUploadTest" name="verifyaddStructureManualUpload" time="58.276"/>
  <testcase classname="com.hrmsstructure.testcases.StructureManualProcessOfferUploadTest" name="verifyStructureManualUploadLetterTemplateMandatoryFieldCheck" time="5.3"/>
  <testcase classname="com.hrmsstructure.testcases.StructureManualProcessOfferUploadTest" name="verifyStructureManulaProcessOfferUploadPagination" time="58.276"/>
  <testcase classname="com.hrmsstructure.testcases.StructureManualProcessOfferUploadTest" name="VerifySearchStructureManulaProcessOfferUploadName" time="4.254"/>
  <testcase classname="com.hrmsstructure.testcases.StructureManualProcessOfferUploadTest" name="VerifySearchStructureManulaProcessOfferUploadEmail" time="4.275"/>
  <testcase classname="com.hrmsstructure.testcases.StructureOnBoardingProfileValidateTest" name="verifyaddStructureOnboardProfilevalidate" time="3.309"/>
  <testcase classname="com.hrmsstructure.testcases.StructureOnBoardingProfileValidateTest" name="verifyStructureStructureOnboardProfilevalidatePagination" time="58.316"/>
  <testcase classname="com.hrmsstructure.testcases.StructureOnBoardingProfileValidateTest" name="verifyStructureOnboardProfilevalidatePositionNameMandatoryFieldCheck" time="3.465"/>
  <testcase classname="com.hrmsstructure.testcases.StructureOnBoardingProfileValidateTest" name="VerifySearchStructureOnboardProfilevalidateCandidateName" time="4.482"/>
  <testcase classname="com.hrmsstructure.testcases.StructureOnBoardingProfileValidateTest" name="VerifySearchStructureOnboardProfilevalidateContact" time="4.407"/>
  <testcase classname="com.hrmsstructure.testcases.StructureOnBoardingMoveToLiveTest" name="verifyStructuremovetoLivePagination" time="58.384"/>
  <testcase classname="com.hrmsstructure.testcases.StructureOnBoardingMoveToLiveTest" name="VerifySearchmovetoLivePositionName" time="4.367"/>
  <testcase classname="com.hrmsstructure.testcases.StructureOnBoardingMoveToLiveTest" name="VerifySearchmovetoLiveName" time="4.391"/>
  <testcase classname="com.hrmsstructure.testcases.StructureOnBoardingAppointmentLetterTest" name="verifyStructureAppointmentLetterPagination" time="58.344"/>
  <testcase classname="com.hrmsstructure.testcases.StructureOnBoardingAppointmentLetterTest" name="VerifySearchAppointmentLetterPositionName" time="4.358"/>
  <testcase classname="com.hrmsstructure.testcases.StructureOnBoardingAppointmentLetterTest" name="VerifySearchAppointmentLetterName" time="4.304"/>
  <testcase classname="com.hrmsstructure.testcases.StructureOnBoardingPreCheckTest" name="verifyStructurePreCheckPagination" time="58.24"/>
  <testcase classname="com.hrmsstructure.testcases.StructureOnBoardingPreCheckTest" name="VerifySearchPreCheckPositionName" time="4.377"/>
  <testcase classname="com.hrmsstructure.testcases.StructureOnBoardingPreCheckTest" name="VerifySearchPreCheckName" time="4.361"/>
</testsuite> <!-- HRMSAutomationStructure -->
