<?xml version="1.0" encoding="UTF-8"?>
<!-- Generated by org.testng.reporters.JUnitXMLReporter -->
<testsuite ignored="0" hostname="angapparaja" failures="0" tests="348" name="HRMSAutomationMastersIndiaTesting" time="11151.737" errors="0" timestamp="2023-02-02T15:34:04 IST">
  <testcase classname="com.hrmsmasters.testcases.MasterExitManagementExitTypeTest" name="@BeforeMethod setUp" time="64.133">
    <failure type="org.openqa.selenium.NoSuchElementException" message="no such element: Unable to locate element: {&amp;quot;method&amp;quot;:&amp;quot;xpath&amp;quot;,&amp;quot;selector&amp;quot;:&amp;quot;//button[text()=&amp;apos;LOGIN &amp;apos;]&amp;quot;}
  (Session info: chrome=109.0.5414.120)
For documentation on this error, please visit: https://selenium.dev/exceptions/#no_such_element
Build info: version: &amp;apos;4.1.0&amp;apos;, revision: &amp;apos;87802e897b&amp;apos;
System info: host: &amp;apos;ANGAPPARAJA&amp;apos;, ip: &amp;apos;192.168.100.41&amp;apos;, os.name: &amp;apos;Windows 10&amp;apos;, os.arch: &amp;apos;amd64&amp;apos;, os.version: &amp;apos;10.0&amp;apos;, java.version: &amp;apos;11.0.9&amp;apos;
Driver info: org.openqa.selenium.chrome.ChromeDriver
Command: [74116de154d22a79de273dd5a991b14a, findElement {using=xpath, value=//button[text()=&amp;apos;LOGIN &amp;apos;]}]
Capabilities {acceptInsecureCerts: false, browserName: chrome, browserVersion: 109.0.5414.120, chrome: {chromedriverVersion: 109.0.5414.74 (e7c5703604da..., userDataDir: C:\Users\angap\AppData\Loca...}, goog:chromeOptions: {debuggerAddress: localhost:63172}, javascriptEnabled: true, networkConnectionEnabled: false, pageLoadStrategy: normal, platform: WINDOWS, platformName: WINDOWS, proxy: Proxy(), se:cdp: ws://localhost:63172/devtoo..., se:cdpVersion: 109.0.5414.120, setWindowRect: true, strictFileInteractability: false, timeouts: {implicit: 0, pageLoad: 300000, script: 30000}, unhandledPromptBehavior: dismiss and notify, webauthn:extension:credBlob: true, webauthn:extension:largeBlob: true, webauthn:virtualAuthenticators: true}
Session ID: 74116de154d22a79de273dd5a991b14a">
      <![CDATA[org.openqa.selenium.NoSuchElementException: no such element: Unable to locate element: {"method":"xpath","selector":"//button[text()='LOGIN ']"}
  (Session info: chrome=109.0.5414.120)
For documentation on this error, please visit: https://selenium.dev/exceptions/#no_such_element
Build info: version: '4.1.0', revision: '87802e897b'
System info: host: 'ANGAPPARAJA', ip: '192.168.100.41', os.name: 'Windows 10', os.arch: 'amd64', os.version: '10.0', java.version: '11.0.9'
Driver info: org.openqa.selenium.chrome.ChromeDriver
Command: [74116de154d22a79de273dd5a991b14a, findElement {using=xpath, value=//button[text()='LOGIN ']}]
Capabilities {acceptInsecureCerts: false, browserName: chrome, browserVersion: 109.0.5414.120, chrome: {chromedriverVersion: 109.0.5414.74 (e7c5703604da..., userDataDir: C:\Users\angap\AppData\Loca...}, goog:chromeOptions: {debuggerAddress: localhost:63172}, javascriptEnabled: true, networkConnectionEnabled: false, pageLoadStrategy: normal, platform: WINDOWS, platformName: WINDOWS, proxy: Proxy(), se:cdp: ws://localhost:63172/devtoo..., se:cdpVersion: 109.0.5414.120, setWindowRect: true, strictFileInteractability: false, timeouts: {implicit: 0, pageLoad: 300000, script: 30000}, unhandledPromptBehavior: dismiss and notify, webauthn:extension:credBlob: true, webauthn:extension:largeBlob: true, webauthn:virtualAuthenticators: true}
Session ID: 74116de154d22a79de273dd5a991b14a
at org.openqa.selenium.remote.codec.w3c.W3CHttpResponseCodec.createException(W3CHttpResponseCodec.java:200)
at org.openqa.selenium.remote.codec.w3c.W3CHttpResponseCodec.decode(W3CHttpResponseCodec.java:133)
at org.openqa.selenium.remote.codec.w3c.W3CHttpResponseCodec.decode(W3CHttpResponseCodec.java:53)
at org.openqa.selenium.remote.HttpCommandExecutor.execute(HttpCommandExecutor.java:184)
at org.openqa.selenium.remote.service.DriverCommandExecutor.invokeExecute(DriverCommandExecutor.java:164)
at org.openqa.selenium.remote.service.DriverCommandExecutor.execute(DriverCommandExecutor.java:139)
at org.openqa.selenium.remote.RemoteWebDriver.execute(RemoteWebDriver.java:559)
at org.openqa.selenium.remote.ElementLocation$ElementFinder$2.findElement(ElementLocation.java:162)
at org.openqa.selenium.remote.ElementLocation.findElement(ElementLocation.java:60)
at org.openqa.selenium.remote.RemoteWebDriver.findElement(RemoteWebDriver.java:383)
at org.openqa.selenium.remote.RemoteWebDriver.findElement(RemoteWebDriver.java:375)
at org.openqa.selenium.support.events.EventFiringWebDriver.lambda$new$1(EventFiringWebDriver.java:115)
at com.sun.proxy.$Proxy18.findElement(Unknown Source)
at org.openqa.selenium.support.events.EventFiringWebDriver.findElement(EventFiringWebDriver.java:204)
at org.openqa.selenium.support.pagefactory.DefaultElementLocator.findElement(DefaultElementLocator.java:70)
at org.openqa.selenium.support.pagefactory.internal.LocatingElementHandler.invoke(LocatingElementHandler.java:39)
at com.sun.proxy.$Proxy22.click(Unknown Source)
at com.hrms.masters.LoginPage.Login(LoginPage.java:54)
at com.hrmsmasters.testcases.MasterExitManagementExitTypeTest.setUp(MasterExitManagementExitTypeTest.java:258)
at java.base/java.util.ArrayList.forEach(ArrayList.java:1541)
... Removed 38 stack frames]]>
    </failure>
  </testcase> <!-- @BeforeMethod setUp -->
  <testcase classname="com.hrmsmasters.testcases.MasterExitManagementExitTypeTest" name="@AfterMethod tearDown" time="-1.675331344329E9">
    <skipped/>
  </testcase> <!-- @AfterMethod tearDown -->
  <testcase classname="com.hrmsmasters.testcases.MasterExitManagementExitTypeTest" name="@BeforeMethod setUp" time="-1.67533134433E9">
    <skipped/>
  </testcase> <!-- @BeforeMethod setUp -->
  <testcase classname="com.hrmsmasters.testcases.MasterExitManagementExitTypeTest" name="@AfterMethod tearDown" time="-1.675331344332E9">
    <skipped/>
  </testcase> <!-- @AfterMethod tearDown -->
  <testcase classname="com.hrmsmasters.testcases.MasterExitManagementExitTypeTest" name="@BeforeMethod setUp" time="-1.675331344333E9">
    <skipped/>
  </testcase> <!-- @BeforeMethod setUp -->
  <testcase classname="com.hrmsmasters.testcases.MasterExitManagementExitTypeTest" name="@AfterMethod tearDown" time="-1.675331344337E9">
    <skipped/>
  </testcase> <!-- @AfterMethod tearDown -->
  <testcase classname="com.hrmsmasters.testcases.MasterExitManagementExitTypeTest" name="@BeforeMethod setUp" time="-1.675331344338E9">
    <skipped/>
  </testcase> <!-- @BeforeMethod setUp -->
  <testcase classname="com.hrmsmasters.testcases.MasterExitManagementExitTypeTest" name="@AfterMethod tearDown" time="-1.67533134434E9">
    <skipped/>
  </testcase> <!-- @AfterMethod tearDown -->
  <testcase classname="com.hrmsmasters.testcases.MasterExitManagementExitTypeTest" name="@BeforeMethod setUp" time="-1.675331344341E9">
    <skipped/>
  </testcase> <!-- @BeforeMethod setUp -->
  <testcase classname="com.hrmsmasters.testcases.MasterExitManagementExitTypeTest" name="@AfterMethod tearDown" time="-1.675331344343E9">
    <skipped/>
  </testcase> <!-- @AfterMethod tearDown -->
  <testcase classname="com.hrmsmasters.testcases.MasterExitManagementExitTypeTest" name="@BeforeMethod setUp" time="-1.675331344344E9">
    <skipped/>
  </testcase> <!-- @BeforeMethod setUp -->
  <testcase classname="com.hrmsmasters.testcases.MasterExitManagementExitTypeTest" name="@AfterMethod tearDown" time="-1.675331344347E9">
    <skipped/>
  </testcase> <!-- @AfterMethod tearDown -->
  <testcase classname="com.hrmsmasters.testcases.MasterGeoCountryTest" name="verifyAddCountry" time="1.447"/>
  <testcase classname="com.hrmsmasters.testcases.MasterGeoCountryTest" name="verifyResetButton" time="1.333"/>
  <testcase classname="com.hrmsmasters.testcases.MasterGeoCountryTest" name="verifyAddCountryDuplicateCheck" time="1.494"/>
  <testcase classname="com.hrmsmasters.testcases.MasterGeoCountryTest" name="verifyAddCountryNegativeCheck" time="1.46"/>
  <testcase classname="com.hrmsmasters.testcases.MasterGeoCountryTest" name="verifyNextbuttonPagination" time="1.195"/>
  <testcase classname="com.hrmsmasters.testcases.MasterGeoCountryTest" name="VerifyEnterTheSearchBoxCountryPagination" time="0.939"/>
  <testcase classname="com.hrmsmasters.testcases.MasterGeoProvinceTest" name="verifyAddState" time="2.839"/>
  <testcase classname="com.hrmsmasters.testcases.MasterGeoProvinceTest" name="verifyProvinceNegativeCheck" time="2.683"/>
  <testcase classname="com.hrmsmasters.testcases.MasterGeoProvinceTest" name="verifyCountryMandatroyField" time="2.541"/>
  <testcase classname="com.hrmsmasters.testcases.MasterGeoProvinceTest" name="verifyAddStateDuplicateCheck" time="6.09"/>
  <testcase classname="com.hrmsmasters.testcases.MasterGeoProvinceTest" name="verifyGeoSearchboxCountryNamepagination" time="4.525"/>
  <testcase classname="com.hrmsmasters.testcases.MasterGeoCityTest" name="verifyAddGeoCity" time="5.896"/>
  <testcase classname="com.hrmsmasters.testcases.MasterGeoCityTest" name="verifyGeoCityCountryMandatroyField" time="5.187"/>
  <testcase classname="com.hrmsmasters.testcases.MasterGeoCityTest" name="verifyCityNegativeCheck" time="5.6"/>
  <testcase classname="com.hrmsmasters.testcases.MasterGeoCityTest" name="verifyAddGeoCityDuplicateCheck" time="5.679"/>
  <testcase classname="com.hrmsmasters.testcases.MasterGeoCityTest" name="verifyGeoCityreset" time="4.759"/>
  <testcase classname="com.hrmsmasters.testcases.MasterGeoCityTest" name="verifyGeoSearchboxCountryNamepagination" time="1.556"/>
  <testcase classname="com.hrmsmasters.testcases.MasterGeoBarangayTest" name="verifyGeoAddBarangay" time="5.55"/>
  <testcase classname="com.hrmsmasters.testcases.MasterGeoBarangayTest" name="verifyGeoBarangayCountryMandatroyField" time="3.538"/>
  <testcase classname="com.hrmsmasters.testcases.MasterGeoBarangayTest" name="verifyGeoAddBarangayDuplicateCheck" time="5.656"/>
  <testcase classname="com.hrmsmasters.testcases.MasterGeoBarangayTest" name="verifyGeoBanarangayresetBtn" time="5.403"/>
  <testcase classname="com.hrmsmasters.testcases.MasterGeoBarangayTest" name="verifyPagination" time="57.74"/>
  <testcase classname="com.hrmsmasters.testcases.MasterGeoWorkLocationTest" name="verifyGeoaddworkLocation" time="58.935"/>
  <testcase classname="com.hrmsmasters.testcases.MasterGeoWorkLocationTest" name="verifyGeoworkLocationCountryMandatroyField" time="3.903"/>
  <testcase classname="com.hrmsmasters.testcases.MasterGeoWorkLocationTest" name="verifyGeoworkLocationStateNameMandatroyField" time="4.4"/>
  <testcase classname="com.hrmsmasters.testcases.MasterGeoWorkLocationTest" name="verifyGeoworkLocationDuplicateCheck" time="5.965"/>
  <testcase classname="com.hrmsmasters.testcases.MasterGeoWorkLocationTest" name="verifyGeoWorkLocationreset" time="3.761"/>
  <testcase classname="com.hrmsmasters.testcases.MasterGeoWorkLocationTest" name="verifyPagination" time="57.73"/>
  <testcase classname="com.hrmsmasters.testcases.MasterPersonalReligionTest" name="verifyaddPersonalReligion" time="3.343"/>
  <testcase classname="com.hrmsmasters.testcases.MasterPersonalReligionTest" name="verifyaddPersonalReligionMandatroyField" time="4.153"/>
  <testcase classname="com.hrmsmasters.testcases.MasterPersonalReligionTest" name="verifyaddPersonalReligionDuplicateCheck" time="4.346"/>
  <testcase classname="com.hrmsmasters.testcases.MasterPersonalReligionTest" name="verifyPersonalReligionreset" time="2.86"/>
  <testcase classname="com.hrmsmasters.testcases.MasterPersonalReligionTest" name="verifyPagination" time="57.757"/>
  <testcase classname="com.hrmsmasters.testcases.MasterPersonalNationalityTest" name="verifyaddNationality" time="3.771"/>
  <testcase classname="com.hrmsmasters.testcases.MasterPersonalNationalityTest" name="verifyNationalityNegativeCheck" time="4.103"/>
  <testcase classname="com.hrmsmasters.testcases.MasterPersonalNationalityTest" name="verifyaddNationalityMandatroyField" time="3.537"/>
  <testcase classname="com.hrmsmasters.testcases.MasterPersonalNationalityTest" name="verifyaddNationalityDuplicateCheck" time="3.78"/>
  <testcase classname="com.hrmsmasters.testcases.MasterPersonalNationalityTest" name="verifyAddNationalityResetBtn" time="3.615"/>
  <testcase classname="com.hrmsmasters.testcases.MasterPersonalNationalityTest" name="verifyPagination" time="57.843"/>
  <testcase classname="com.hrmsmasters.testcases.MasterPersonalLanguageTest" name="verifyaddLanguage" time="3.831"/>
  <testcase classname="com.hrmsmasters.testcases.MasterPersonalLanguageTest" name="verifyLanguageNameNegativeCheck" time="3.714"/>
  <testcase classname="com.hrmsmasters.testcases.MasterPersonalLanguageTest" name="verifyaddLanguageMandatroyField" time="3.51"/>
  <testcase classname="com.hrmsmasters.testcases.MasterPersonalLanguageTest" name="verifyaddLanguageDuplicateCheck" time="3.775"/>
  <testcase classname="com.hrmsmasters.testcases.MasterPersonalLanguageTest" name="verifyPersonalLanguageResetBtn" time="4.144"/>
  <testcase classname="com.hrmsmasters.testcases.MasterPersonalLanguageTest" name="verifyPagination" time="57.75"/>
  <testcase classname="com.hrmsmasters.testcases.MasterPersonalRelationshipTest" name="verifyaddRelationship" time="3.738"/>
  <testcase classname="com.hrmsmasters.testcases.MasterPersonalRelationshipTest" name="verifyaddRelationshipNegativeCheck" time="4.203"/>
  <testcase classname="com.hrmsmasters.testcases.MasterPersonalRelationshipTest" name="verifyaddRelationshipMandatroyField" time="4.163"/>
  <testcase classname="com.hrmsmasters.testcases.MasterPersonalRelationshipTest" name="verifyaddRelationshipDuplicateCheck" time="4.125"/>
  <testcase classname="com.hrmsmasters.testcases.MasterPersonalRelationshipTest" name="verifyRelationshipNameReset" time="3.645"/>
  <testcase classname="com.hrmsmasters.testcases.MasterPersonalBloodGroupTest" name="verifyaddBloodGroup" time="3.601"/>
  <testcase classname="com.hrmsmasters.testcases.MasterPersonalBloodGroupTest" name="verifyBloodGroupNegativeCheck" time="4.578"/>
  <testcase classname="com.hrmsmasters.testcases.MasterPersonalBloodGroupTest" name="verifyaddBloodGroupMandatroyField" time="4.054"/>
  <testcase classname="com.hrmsmasters.testcases.MasterPersonalBloodGroupTest" name="verifyaddBloodGroupDuplicateCheck" time="4.119"/>
  <testcase classname="com.hrmsmasters.testcases.MasterPersonalBloodGroupTest" name="verifyreset" time="3.813"/>
  <testcase classname="com.hrmsmasters.testcases.MasterPersonalBloodGroupTest" name="verifyPagination" time="57.784"/>
  <testcase classname="com.hrmsmasters.testcases.MasterPersonalBloodGroupTest" name="verifySearchBloodGroupNamePagination" time="2.876"/>
  <testcase classname="com.hrmsmasters.testcases.MasterPersonalIdentificationProofTest" name="verifyaddaddIdProof" time="3.73"/>
  <testcase classname="com.hrmsmasters.testcases.MasterPersonalIdentificationProofTest" name="verifyaddIdProofMandatroyField" time="4.009"/>
  <testcase classname="com.hrmsmasters.testcases.MasterPersonalIdentificationProofTest" name="verifyIdProofNegativeCheck" time="4.257"/>
  <testcase classname="com.hrmsmasters.testcases.MasterPersonalIdentificationProofTest" name="verifyaddIdProofDuplicateCheck" time="4.188"/>
  <testcase classname="com.hrmsmasters.testcases.MasterPersonalIdentificationProofTest" name="verifyIdproofResetBtn" time="3.63"/>
  <testcase classname="com.hrmsmasters.testcases.MasterPersonalIdentificationProofTest" name="verifyPagination" time="57.803"/>
  <testcase classname="com.hrmsmasters.testcases.MasterPersonalIdentificationProofTest" name="verifySearchIdproofPagination" time="3.468"/>
  <testcase classname="com.hrmsmasters.testcases.MasterEducationQualificationTest" name="verifyaddQualification" time="3.612"/>
  <testcase classname="com.hrmsmasters.testcases.MasterEducationQualificationTest" name="verifyEducationQualificationNegativeCheck" time="4.184"/>
  <testcase classname="com.hrmsmasters.testcases.MasterEducationQualificationTest" name="verifyaddEducationQualificationMandatroyField" time="4.094"/>
  <testcase classname="com.hrmsmasters.testcases.MasterEducationQualificationTest" name="verifyaddQualificationDuplicateCheck" time="4.077"/>
  <testcase classname="com.hrmsmasters.testcases.MasterEducationQualificationTest" name="verifyEducationQuaificationResetBtn" time="3.639"/>
  <testcase classname="com.hrmsmasters.testcases.MasterEducationQualificationTest" name="verifyEducationQuaificationPagination" time="57.767"/>
  <testcase classname="com.hrmsmasters.testcases.MasterEducationQualificationTest" name="VerifyEnterTheSearchEducationQualificationPagination" time="58.476"/>
  <testcase classname="com.hrmsmasters.testcases.MasterEducationDegreeTest" name="verifyaddEducationDegree" time="4.2"/>
  <testcase classname="com.hrmsmasters.testcases.MasterEducationDegreeTest" name="verifyEducationDegreeNegativeCheck" time="5.298"/>
  <testcase classname="com.hrmsmasters.testcases.MasterEducationDegreeTest" name="verifyaddDegreeMandatroyField" time="4.99"/>
  <testcase classname="com.hrmsmasters.testcases.MasterEducationDegreeTest" name="verifyaddDegreeDuplicateCheck" time="5.268"/>
  <testcase classname="com.hrmsmasters.testcases.MasterEducationDegreeTest" name="verifyEducationDegreeResetButton" time="4.705"/>
  <testcase classname="com.hrmsmasters.testcases.MasterEducationDegreeTest" name="verifyEducationDegreePagination" time="57.877"/>
  <testcase classname="com.hrmsmasters.testcases.MasterEducationDegreeTest" name="VerifyEnterTheSearchEducationDegreePagination" time="58.603"/>
  <testcase classname="com.hrmsmasters.testcases.MasterEducationCourseTest" name="verifyaddEducationCourse" time="4.629"/>
  <testcase classname="com.hrmsmasters.testcases.MasterEducationCourseTest" name="verifyEducationCourseNegativeCheck" time="4.767"/>
  <testcase classname="com.hrmsmasters.testcases.MasterEducationCourseTest" name="verifyaddEducationCourseMandatroyField" time="4.725"/>
  <testcase classname="com.hrmsmasters.testcases.MasterEducationCourseTest" name="verifyEducationCourseDuplicateCheck" time="4.728"/>
  <testcase classname="com.hrmsmasters.testcases.MasterEducationCourseTest" name="verifyEducationCourseResetButton" time="4.141"/>
  <testcase classname="com.hrmsmasters.testcases.MasterEducationCourseTest" name="verifyEducationCoursePagination" time="57.783"/>
  <testcase classname="com.hrmsmasters.testcases.MasterEducationCourseTest" name="VerifySearchEducationCoursePagination" time="3.391"/>
  <testcase classname="com.hrmsmasters.testcases.MasterPositionJobLevelTest" name="verifyaddPositionJobLevel" time="4.667"/>
  <testcase classname="com.hrmsmasters.testcases.MasterPositionJobLevelTest" name="verifyPositionJoblevelnameNegativeCheck" time="5.27"/>
  <testcase classname="com.hrmsmasters.testcases.MasterPositionJobLevelTest" name="verifyaddJobLevelMandatroyField" time="4.571"/>
  <testcase classname="com.hrmsmasters.testcases.MasterPositionJobLevelTest" name="verifyaddHierarchyMandatroyField" time="3.693"/>
  <testcase classname="com.hrmsmasters.testcases.MasterPositionJobLevelTest" name="verifyaddJobLevelDuplicateCheck" time="5.283"/>
  <testcase classname="com.hrmsmasters.testcases.MasterPositionJobLevelTest" name="verifyPositionJobLevelResetButton" time="4.734"/>
  <testcase classname="com.hrmsmasters.testcases.MasterPositionJobLevelTest" name="verifyPositionJobLevelPagination" time="57.778"/>
  <testcase classname="com.hrmsmasters.testcases.MasterPositionJobLevelTest" name="VerifyEnterSearchPositionJobLevelPagination" time="3.443"/>
  <testcase classname="com.hrmsmasters.testcases.MasterPositionPositionTitleTest" name="verifyaddPositionTitle" time="7.601"/>
  <testcase classname="com.hrmsmasters.testcases.MasterPositionPositionTitleTest" name="verifyaddPositionTtileMandatroyField" time="5.492"/>
  <testcase classname="com.hrmsmasters.testcases.MasterPositionPositionTitleTest" name="verifyaddPositionJoblevelMandatroyField" time="6.555"/>
  <testcase classname="com.hrmsmasters.testcases.MasterPositionPositionTitleTest" name="verifyaddPositionTitleDuplicateCheck" time="7.634"/>
  <testcase classname="com.hrmsmasters.testcases.MasterPositionPositionTitleTest" name="verifyPositionTitleResetButton" time="7.679"/>
  <testcase classname="com.hrmsmasters.testcases.MasterPositionPositionTitleTest" name="verifyPositionTitlePagination" time="58.285"/>
  <testcase classname="com.hrmsmasters.testcases.MasterPositionPositionTitleTest" name="VerifyEnterTheSearchPositionTitlePagination" time="4.535"/>
  <testcase classname="com.hrmsmasters.testcases.MasterPositionBusinessUnitTest" name="verifyaddBusinessUnit" time="3.629"/>
  <testcase classname="com.hrmsmasters.testcases.MasterPositionBusinessUnitTest" name="verifyPositionTitleNegativeCheck" time="4.237"/>
  <testcase classname="com.hrmsmasters.testcases.MasterPositionBusinessUnitTest" name="verifyaddBusinessUnitMandatroyField" time="4.109"/>
  <testcase classname="com.hrmsmasters.testcases.MasterPositionBusinessUnitTest" name="verifyaddBusinessUnitDuplicateCheck" time="4.232"/>
  <testcase classname="com.hrmsmasters.testcases.MasterPositionBusinessUnitTest" name="verifyPositionBusinessUnitResetButton" time="3.565"/>
  <testcase classname="com.hrmsmasters.testcases.MasterPositionBusinessUnitTest" name="VerifyEnterTheSearchPositionBusinessUnitPagination" time="4.43"/>
  <testcase classname="com.hrmsmasters.testcases.MasterPositionDepartmentTest" name="verifyaddPositionDepartment" time="3.709"/>
  <testcase classname="com.hrmsmasters.testcases.MasterPositionDepartmentTest" name="verifyPositionDepartmentNegativeCheck" time="4.388"/>
  <testcase classname="com.hrmsmasters.testcases.MasterPositionDepartmentTest" name="verifyaddPositionDepartmentNameMandatroyField" time="4.139"/>
  <testcase classname="com.hrmsmasters.testcases.MasterPositionDepartmentTest" name="verifyaddPositionDepartmentCodeMandatroyField" time="4.636"/>
  <testcase classname="com.hrmsmasters.testcases.MasterPositionDepartmentTest" name="verifyPositionDepartmentDuplicateCheck" time="4.828"/>
  <testcase classname="com.hrmsmasters.testcases.MasterPositionDepartmentTest" name="verifyPositionDepartmentResetButton" time="3.734"/>
  <testcase classname="com.hrmsmasters.testcases.MasterPositionDepartmentTest" name="VerifyEnterTheSearchPositionTitlePagination" time="3.954"/>
  <testcase classname="com.hrmsmasters.testcases.MasterPositionSubDepartmentTest" name="verifyaddSubDepartment" time="4.144"/>
  <testcase classname="com.hrmsmasters.testcases.MasterPositionSubDepartmentTest" name="verifyDepartmentNameMandatroyField" time="4.226"/>
  <testcase classname="com.hrmsmasters.testcases.MasterPositionSubDepartmentTest" name="verifySubDepartmentNameMandatroyField" time="4.779"/>
  <testcase classname="com.hrmsmasters.testcases.MasterPositionSubDepartmentTest" name="verifyaddSubDepartmentNameDuplicateCheck" time="5.465"/>
  <testcase classname="com.hrmsmasters.testcases.MasterPositionSubDepartmentTest" name="verifyPositionSubDepartmentNameResetButton" time="5.729"/>
  <testcase classname="com.hrmsmasters.testcases.MasterPositionSubDepartmentTest" name="VerifyEnterTheSearchPositionSubDepartmentPagination" time="3.494"/>
  <testcase classname="com.hrmsmasters.testcases.MasterPositionCostCenterTest" name="verifyaddCostCenter" time="3.611"/>
  <testcase classname="com.hrmsmasters.testcases.MasterPositionCostCenterTest" name="verifyPositionCostCenterNegativeCheck" time="4.255"/>
  <testcase classname="com.hrmsmasters.testcases.MasterPositionCostCenterTest" name="verifyaddCostCenterMandatroyField" time="3.987"/>
  <testcase classname="com.hrmsmasters.testcases.MasterPositionCostCenterTest" name="verifyaddCostCenterDuplicateCheck" time="4.084"/>
  <testcase classname="com.hrmsmasters.testcases.MasterPositionCostCenterTest" name="verifyPositionCostCenterResetButton" time="3.622"/>
  <testcase classname="com.hrmsmasters.testcases.MasterPositionCostCenterTest" name="VerifyEnterTheSearchPositionCostCenterPagination" time="3.36"/>
  <testcase classname="com.hrmsmasters.testcases.MasterPositionCenterTest" name="verifyPositionaddCenter" time="4.179"/>
  <testcase classname="com.hrmsmasters.testcases.MasterPositionCenterTest" name="verifyPositionCenterNegativeCheck" time="5.254"/>
  <testcase classname="com.hrmsmasters.testcases.MasterPositionCenterTest" name="verifyCenterCostCenterMandatroyField" time="4.583"/>
  <testcase classname="com.hrmsmasters.testcases.MasterPositionCenterTest" name="verifyCenterNameMandatroyField" time="4.698"/>
  <testcase classname="com.hrmsmasters.testcases.MasterPositionCenterTest" name="verifyCenterDuplicateCheck" time="5.303"/>
  <testcase classname="com.hrmsmasters.testcases.MasterPositionCenterTest" name="verifyCenterResetButton" time="4.101"/>
  <testcase classname="com.hrmsmasters.testcases.MasterPositionCenterTest" name="VerifyEnterTheSearchPositionCenterPagination" time="3.916"/>
  <testcase classname="com.hrmsmasters.testcases.MasterPositionPositionCategoryTest" name="verifyaddPositionCategoryWithTaxEligibleYes" time="4.747"/>
  <testcase classname="com.hrmsmasters.testcases.MasterPositionPositionCategoryTest" name="verifyPositionTitleNegativeCheck" time="5.295"/>
  <testcase classname="com.hrmsmasters.testcases.MasterPositionPositionCategoryTest" name="verifyaddPositionCategoryWithTaxEligibleNo" time="5.275"/>
  <testcase classname="com.hrmsmasters.testcases.MasterPositionPositionCategoryTest" name="verifyaddPositionCategoryMandatroyFieldValidation" time="5.214"/>
  <testcase classname="com.hrmsmasters.testcases.MasterPositionPositionCategoryTest" name="verifyaddPositionCategoryDuplicateCheck" time="5.249"/>
  <testcase classname="com.hrmsmasters.testcases.MasterPositionPositionCategoryTest" name="verifyPositionCategoryResetButton" time="5.101"/>
  <testcase classname="com.hrmsmasters.testcases.MasterPositionPositionCategoryTest" name="VerifyEnterTheSearchPositionCategoryPagination" time="3.631"/>
  <testcase classname="com.hrmsmasters.testcases.MasterPositionMarketDesignationTest" name="verifyaddMarketDesignation" time="3.54"/>
  <testcase classname="com.hrmsmasters.testcases.MasterPositionMarketDesignationTest" name="verifyPositionmMagetDesignationNegativeCheck" time="4.516"/>
  <testcase classname="com.hrmsmasters.testcases.MasterPositionMarketDesignationTest" name="verifyaddMarketDesignationMandatoryValidation" time="3.974"/>
  <testcase classname="com.hrmsmasters.testcases.MasterPositionMarketDesignationTest" name="verifyaddmarketDesignationDuplicateCheck" time="4.635"/>
  <testcase classname="com.hrmsmasters.testcases.MasterPositionMarketDesignationTest" name="verifymarketDesignationResetButton" time="4.162"/>
  <testcase classname="com.hrmsmasters.testcases.MasterPositionMarketDesignationTest" name="VerifyEnterTheSearchPositionMarketDesignationPagination" time="3.37"/>
  <testcase classname="com.hrmsmasters.testcases.MasterRecruitmentConsultantTest" name="verifyaddRecruitmentconsultant" time="7.57"/>
  <testcase classname="com.hrmsmasters.testcases.MasterRecruitmentConsultantTest" name="verifyRecruitmentconsultantNegativeCheck" time="8.307"/>
  <testcase classname="com.hrmsmasters.testcases.MasterRecruitmentConsultantTest" name="verifyRecruitmentconsultantNameMandatory" time="7.688"/>
  <testcase classname="com.hrmsmasters.testcases.MasterRecruitmentConsultantTest" name="verifyRecruitmentConsultantuserNameMandatory" time="8.717"/>
  <testcase classname="com.hrmsmasters.testcases.MasterRecruitmentConsultantTest" name="verifyRecruitmentConsultantreset" time="9.972"/>
  <testcase classname="com.hrmsmasters.testcases.MasterRecruitmentConsultantTest" name="VerifyEnterTheSearchRecruitmentConsultantPagination" time="4.573"/>
  <testcase classname="com.hrmsmasters.testcases.MasterRecruitmentCompetenciesTest" name="verifyaddCompetenciesBehavioural" time="6.037"/>
  <testcase classname="com.hrmsmasters.testcases.MasterRecruitmentCompetenciesTest" name="verifyaddCompetenciesfuncional" time="6.117"/>
  <testcase classname="com.hrmsmasters.testcases.MasterRecruitmentCompetenciesTest" name="verifyaddCompetenciesfuncionalPositiveIndictor" time="6.638"/>
  <testcase classname="com.hrmsmasters.testcases.MasterRecruitmentCompetenciesTest" name="verifyAddCompetenciesFunctionalNegativeIndi" time="5.852"/>
  <testcase classname="com.hrmsmasters.testcases.MasterRecruitmentCompetenciesTest" name="verifyRecruitmentCompetenciesResetButtons" time="4.717"/>
  <testcase classname="com.hrmsmasters.testcases.MasterRecruitmentCompetenciesTest" name="VerifyEnterTheSearchRecruitmentCompetenciesPagination" time="58.848"/>
  <testcase classname="com.hrmsmasters.testcases.MasterRecruitmentEvaluationFormTest" name="verifyaddEvaluationForm" time="4.291"/>
  <testcase classname="com.hrmsmasters.testcases.MasterRecruitmentEvaluationFormTest" name="verifyEvaluationFormNegativeCheck" time="5.239"/>
  <testcase classname="com.hrmsmasters.testcases.MasterRecruitmentEvaluationFormTest" name="verifyaddEvaluationTitleNameMandatory" time="4.788"/>
  <testcase classname="com.hrmsmasters.testcases.MasterRecruitmentEvaluationFormTest" name="verifyaddEvaluationQuestionMandatory" time="5.412"/>
  <testcase classname="com.hrmsmasters.testcases.MasterRecruitmentEvaluationFormTest" name="verifyEvaluationFormResetButton" time="7.644"/>
  <testcase classname="com.hrmsmasters.testcases.MasterRecruitmentEvaluationFormTest" name="VerifyEnterTheSearchEvalutionFormPagination" time="4.382"/>
  <testcase classname="com.hrmsmasters.testcases.MasterRecruitmentSkillTest" name="verifyaddRecrutimentSkill" time="3.657"/>
  <testcase classname="com.hrmsmasters.testcases.MasterRecruitmentSkillTest" name="verifyRecruitmentSkillNegativeCheck" time="5.036"/>
  <testcase classname="com.hrmsmasters.testcases.MasterRecruitmentSkillTest" name="verifyaddRecruitmentSkillDuplicateCheck" time="4.718"/>
  <testcase classname="com.hrmsmasters.testcases.MasterRecruitmentSkillTest" name="verifyRecruitmentSkillNameMandatoryFieldCheck" time="4.579"/>
  <testcase classname="com.hrmsmasters.testcases.MasterRecruitmentSkillTest" name="verifyRecruitmentSkillResetButton" time="3.594"/>
  <testcase classname="com.hrmsmasters.testcases.MasterRecruitmentSkillTest" name="VerifyEnterTheSearchRecruitmentSkillPagination" time="4.368"/>
  <testcase classname="com.hrmsmasters.testcases.MasterAttendanceShiftTest" name="verifyAddShift" time="13.693"/>
  <testcase classname="com.hrmsmasters.testcases.MasterAttendanceShiftTest" name="verifyAttendanceShiftCodeMandatoryFieldCheck" time="13.446"/>
  <testcase classname="com.hrmsmasters.testcases.MasterAttendanceShiftTest" name="verifyAttendanceShiftDescriptionMandatoryFieldCheck" time="13.962"/>
  <testcase classname="com.hrmsmasters.testcases.MasterAttendanceShiftTest" name="verifyAttendanceShiftFromTimeMandatoryFieldCheck" time="12.297"/>
  <testcase classname="com.hrmsmasters.testcases.MasterAttendanceShiftTest" name="verifyAttendanceShiftResetButton" time="14.094"/>
  <testcase classname="com.hrmsmasters.testcases.MasterAttendanceShiftTest" name="VerifyEnterTheSearchAttendanceShiftPagination" time="4.051"/>
  <testcase classname="com.hrmsmasters.testcases.MasterAttendanceDayDescriptionTest" name="verifyAddDayDescption" time="4.111"/>
  <testcase classname="com.hrmsmasters.testcases.MasterAttendanceDayDescriptionTest" name="verifyaddDayDescptionNegativeCheck" time="4.766"/>
  <testcase classname="com.hrmsmasters.testcases.MasterAttendanceDayDescriptionTest" name="verifyaddDayDescptionMandatoryFieldCheck" time="4.617"/>
  <testcase classname="com.hrmsmasters.testcases.MasterAttendanceDayDescriptionTest" name="verifyaddShortCodeMandatoryFieldCheck" time="5.069"/>
  <testcase classname="com.hrmsmasters.testcases.MasterAttendanceDayDescriptionTest" name="verifyDayDescptionResetButton" time="4.556"/>
  <testcase classname="com.hrmsmasters.testcases.MasterAttendanceDayDescriptionTest" name="VerifyEnterTheSearchDayDescriptionPagination" time="3.987"/>
  <testcase classname="com.hrmsmasters.testcases.MasterAttendanceHolidayTest" name="verifyAddAlltypeHoliday" time="6.302"/>
  <testcase classname="com.hrmsmasters.testcases.MasterAttendanceHolidayTest" name="verifyAddRegionalTypeHoliday" time="7.321"/>
  <testcase classname="com.hrmsmasters.testcases.MasterAttendanceHolidayTest" name="verifyAttendanceAllTypeHolidayNameNegativeCheck" time="6.41"/>
  <testcase classname="com.hrmsmasters.testcases.MasterAttendanceHolidayTest" name="verifyAttendanceAllTypeHolidayMandatoryFieldCheck" time="5.253"/>
  <testcase classname="com.hrmsmasters.testcases.MasterAttendanceHolidayTest" name="verifyAttendanceRegionalTypeDayDescriptionMandatoryFieldCheck" time="5.357"/>
  <testcase classname="com.hrmsmasters.testcases.MasterAttendanceHolidayTest" name="verifyAttendanceHolidayResetBtn" time="7.777"/>
  <testcase classname="com.hrmsmasters.testcases.MasterAttendanceHolidayTest" name="VerifyEnterTheSearchAttendanceHolidayPagination" time="4.032"/>
  <testcase classname="com.hrmsmasters.testcases.MasterAttendanceAttentPolicyTest" name="verifyAddAttentPolicy" time="80.408"/>
  <testcase classname="com.hrmsmasters.testcases.MasterAttendanceAttentPolicyTest" name="verifyAttentPolicyNameMandatoryFieldCheck" time="5.841"/>
  <testcase classname="com.hrmsmasters.testcases.MasterAttendanceAttentPolicyTest" name="verifyAttentPolicyDescriptionMandatoryFieldCheck" time="5.858"/>
  <testcase classname="com.hrmsmasters.testcases.MasterAttendanceAttentPolicyTest" name="verifyResetAttentPolicy" time="4.862"/>
  <testcase classname="com.hrmsmasters.testcases.MasterAttendanceAttentPolicyTest" name="VerifyEnterTheSearchPositionTitlePagination" time="4.474"/>
  <testcase classname="com.hrmsmasters.testcases.MasterAttendanceOTReasonTest" name="verifyAttandanceaddOTReason" time="3.929"/>
  <testcase classname="com.hrmsmasters.testcases.MasterAttendanceOTReasonTest" name="verifyAttandanceOTReasonNegativeCheck" time="4.713"/>
  <testcase classname="com.hrmsmasters.testcases.MasterAttendanceOTReasonTest" name="verifyAttandanceOTReasonMandatroyField" time="3.994"/>
  <testcase classname="com.hrmsmasters.testcases.MasterAttendanceOTReasonTest" name="verifyAttendanceOtReasonResetButton" time="4.02"/>
  <testcase classname="com.hrmsmasters.testcases.MasterAttendanceOTReasonTest" name="VerifyEnterTheSearchOTReasonPagination" time="4.996"/>
  <testcase classname="com.hrmsmasters.testcases.MasterAttendanceWeekOffPolicyTest" name="verifyWeekoffpolicyadd" time="11.811"/>
  <testcase classname="com.hrmsmasters.testcases.MasterAttendanceWeekOffPolicyTest" name="verifyAttendanceWeekoffpolicyNameMandatroyField" time="10.703"/>
  <testcase classname="com.hrmsmasters.testcases.MasterAttendanceWeekOffPolicyTest" name="verifyAttendanceWeekoffpolicyStatusMandatroyField" time="10.787"/>
  <testcase classname="com.hrmsmasters.testcases.MasterAttendanceWeekOffPolicyTest" name="verifyAttendanceWeekoffpolicyResetButton" time="11.946"/>
  <testcase classname="com.hrmsmasters.testcases.MasterAttendanceWeekOffPolicyTest" name="VerifyEnterTheSearchAttendanceWeekoffpolicyPagination" time="5.404"/>
  <testcase classname="com.hrmsmasters.testcases.MasterAttendanceODReasonTest" name="verifyAttandanceaddODReason" time="4.089"/>
  <testcase classname="com.hrmsmasters.testcases.MasterAttendanceODReasonTest" name="verifyAttendanceODReasonResetButton" time="4.095"/>
  <testcase classname="com.hrmsmasters.testcases.MasterAttendanceODReasonTest" name="verifyAttandanceODReasonMandatroyField" time="4.01"/>
  <testcase classname="com.hrmsmasters.testcases.MasterPayRollAccountMasterTest" name="verifyAddAccountMasterday" time="5.695"/>
  <testcase classname="com.hrmsmasters.testcases.MasterPayRollAccountMasterTest" name="verifyAccountMasterNegativeCheck" time="6.035"/>
  <testcase classname="com.hrmsmasters.testcases.MasterPayRollAccountMasterTest" name="verifyAccountMasterAccountCodeMandatoryfieldCheck" time="6.075"/>
  <testcase classname="com.hrmsmasters.testcases.MasterPayRollAccountMasterTest" name="verifyAccountMasterAccountNameMandatoryfieldCheck" time="5.057"/>
  <testcase classname="com.hrmsmasters.testcases.MasterPayRollAccountMasterTest" name="verifyAccountMasterResetBtn" time="5.006"/>
  <testcase classname="com.hrmsmasters.testcases.MasterPayRollAccountMasterTest" name="VerifyEnterTheSearchAccountMASTERPagination" time="4.42"/>
  <testcase classname="com.hrmsmasters.testcases.MasterPayRollComponentGroupTest" name="verifyAddPayRollComponentWithIncomeGroup" time="7.713"/>
  <testcase classname="com.hrmsmasters.testcases.MasterPayRollComponentGroupTest" name="verifyAddPayRollComponentGroupwithDeduction" time="7.8"/>
  <testcase classname="com.hrmsmasters.testcases.MasterPayRollComponentGroupTest" name="verifyPayRollComponentNegativeFieldCheck" time="7.55"/>
  <testcase classname="com.hrmsmasters.testcases.MasterPayRollComponentGroupTest" name="verifyPayRollComponentGroupCompoenentNameMandatroyField" time="6.539"/>
  <testcase classname="com.hrmsmasters.testcases.MasterPayRollComponentGroupTest" name="verifyPayRollComponentGroupCompoenentCodeMandatroyField" time="6.625"/>
  <testcase classname="com.hrmsmasters.testcases.MasterPayRollComponentGroupTest" name="verifyPayRollComponentGroupResetBtn" time="7.819"/>
  <testcase classname="com.hrmsmasters.testcases.MasterPayRollComponentGroupTest" name="VerifyEnterTheSearchComponentGroupPagination" time="4.672"/>
  <testcase classname="com.hrmsmasters.testcases.MasterPayRollComponentMaster2Test" name="verifyAddComponentMaster" time="8.31"/>
  <testcase classname="com.hrmsmasters.testcases.MasterPayRollComponentMaster2Test" name="verifyComponentMasterNegativeCheck" time="8.591"/>
  <testcase classname="com.hrmsmasters.testcases.MasterPayRollComponentMaster2Test" name="verifyComponentMasterComponentcodemandatoryFieldCheck" time="7.286"/>
  <testcase classname="com.hrmsmasters.testcases.MasterPayRollComponentMaster2Test" name="verifyComponentMasterComponentNAMEmandatoryFieldCheck" time="7.185"/>
  <testcase classname="com.hrmsmasters.testcases.MasterPayRollComponentMaster2Test" name="verifyComponentMasterComponentCompensationmandatoryFieldCheck" time="8.366"/>
  <testcase classname="com.hrmsmasters.testcases.MasterPayRollComponentMaster2Test" name="verifyComponentMasterResetBtn" time="5.45"/>
  <testcase classname="com.hrmsmasters.testcases.MasterPayRollComponentMaster2Test" name="VerifyEnterTheSearchComponentMasterPagination" time="22.611"/>
  <testcase classname="com.hrmsmasters.testcases.MasterPayRollJournalSetupTest" name="verifyUpdatePayRollJournalSetup" time="11.703"/>
  <testcase classname="com.hrmsmasters.testcases.MasterPayRollJournalSetupTest" name="verifyPayRollJournalSetupResetBtn" time="10.769"/>
  <testcase classname="com.hrmsmasters.testcases.MasterPayRollPayrollGroupingTest" name="verifyAddPayrollGrouping" time="4.493"/>
  <testcase classname="com.hrmsmasters.testcases.MasterPayRollPayrollGroupingTest" name="verifyPayrollGroupingMandatoryFieldCheck" time="4.401"/>
  <testcase classname="com.hrmsmasters.testcases.MasterPayRollPayrollGroupingTest" name="verifyPayRollGroupingResetBtn" time="4.697"/>
  <testcase classname="com.hrmsmasters.testcases.MasterPayRollPayrollGroupingTest" name="VerifyEnterTheSearchPayrollGroupingPagination" time="4.524"/>
  <testcase classname="com.hrmsmasters.testcases.MasterPayrollPaySlipTitleTest" name="verifyMasterPayrollPaySlipTitleadd" time="7.623"/>
  <testcase classname="com.hrmsmasters.testcases.MasterPayrollPaySlipTitleTest" name="verifyMasterPayrollPaySlipTitleBuniessMandatroyField" time="7.816"/>
  <testcase classname="com.hrmsmasters.testcases.MasterPayrollPaySlipTitleTest" name="verifyMasterPayrollPaySlipTitleMandatroyField" time="7.079"/>
  <testcase classname="com.hrmsmasters.testcases.MasterPayrollPaySlipTitleTest" name="verifyMasterPayrollPaySlipTitleResetButton" time="8.574"/>
  <testcase classname="com.hrmsmasters.testcases.MasterPayrollPaySlipTitleTest" name="VerifyEnterTheSearchMasterPayrollPaySlipTitlePagination" time="5.367"/>
  <testcase classname="com.hrmsmasters.testcases.MasterPayRollBankTest" name="verifyAddPayrollBank" time="6.044"/>
  <testcase classname="com.hrmsmasters.testcases.MasterPayRollBankTest" name="verifyPayRollBankNegativeCheck" time="7.055"/>
  <testcase classname="com.hrmsmasters.testcases.MasterPayRollBankTest" name="verifyPayRollBankCodeMandatoryFieldCheck" time="5.512"/>
  <testcase classname="com.hrmsmasters.testcases.MasterPayRollBankTest" name="verifyPayRollBankNameMandatoryFieldCheck" time="7.012"/>
  <testcase classname="com.hrmsmasters.testcases.MasterPayRollBankTest" name="verifyPayrollBankResetBtn" time="7.12"/>
  <testcase classname="com.hrmsmasters.testcases.MasterPayRollBankTest" name="VerifyEnterTheSearchBankPagination" time="4.416"/>
  <testcase classname="com.hrmsmasters.testcases.MasterPayRollBankBranchTest" name="verifyAddPayrollBankBranch" time="7.538"/>
  <testcase classname="com.hrmsmasters.testcases.MasterPayRollBankBranchTest" name="verifyPayrollBankBranchNegativeCheck" time="7.629"/>
  <testcase classname="com.hrmsmasters.testcases.MasterPayRollBankBranchTest" name="verifyPayrollBankBranchBanknameMandatoryFieldCheck" time="7.646"/>
  <testcase classname="com.hrmsmasters.testcases.MasterPayRollBankBranchTest" name="verifyPayrollBankBranchBranceNameMandatoryFieldCheck" time="6.53"/>
  <testcase classname="com.hrmsmasters.testcases.MasterPayRollBankBranchTest" name="verifyPayrollBankBranchBranceCodeMandatoryFieldCheck" time="7.759"/>
  <testcase classname="com.hrmsmasters.testcases.MasterPayRollBankBranchTest" name="verifyPayrollBankBranchResetBtn" time="7.606"/>
  <testcase classname="com.hrmsmasters.testcases.MasterPayRollBankBranchTest" name="VerifyEnterTheSearchPayrollBankBranchPagination" time="4.356"/>
  <testcase classname="com.hrmsmasters.testcases.MasterPayRollCurrencyTest" name="verifyAddPayRollCurrency" time="6.775"/>
  <testcase classname="com.hrmsmasters.testcases.MasterPayRollCurrencyTest" name="verifyPayRollCurrencyNameNegativeCheckVaidation" time="6.696"/>
  <testcase classname="com.hrmsmasters.testcases.MasterPayRollCurrencyTest" name="verifyPayRollCurrencyCountryNameMandatoryFieldVaidation" time="6.682"/>
  <testcase classname="com.hrmsmasters.testcases.MasterPayRollCurrencyTest" name="verifyPayRollCurrencyNameMandatoryFieldVaidation" time="6.531"/>
  <testcase classname="com.hrmsmasters.testcases.MasterPayRollCurrencyTest" name="verifyPayRollCurrencySymbolMandatoryFieldVaidation" time="6.61"/>
  <testcase classname="com.hrmsmasters.testcases.MasterPayRollCurrencyTest" name="verifyPayRollCurrencyResetBtn" time="6.541"/>
  <testcase classname="com.hrmsmasters.testcases.MasterPayRollCurrencyTest" name="VerifyEnterTheSearchPayrollCurrencyPagination" time="4.373"/>
  <testcase classname="com.hrmsmasters.testcases.MasterPayrollHolidayWorkComponentTest" name="verifyPayrollHolidayWorkComponentadd" time="9.61"/>
  <testcase classname="com.hrmsmasters.testcases.MasterPayrollHolidayWorkComponentTest" name="verifyMasterPayrollHolidayWorkHolidayTypeComponentMandatroyField" time="8.619"/>
  <testcase classname="com.hrmsmasters.testcases.MasterPayrollHolidayWorkComponentTest" name="verifyMasterPayrollHolidayWorkMonthlyComponentMandatroyField" time="8.567"/>
  <testcase classname="com.hrmsmasters.testcases.MasterPayrollHolidayWorkComponentTest" name="verifyMasterPayrollPaySlipTitleResetButton" time="9.858"/>
  <testcase classname="com.hrmsmasters.testcases.MasterPayrollHolidayWorkComponentTest" name="VerifyEnterTheSearchMasterPayrollHolidayWorkComponentPagination" time="5.529"/>
  <testcase classname="com.hrmsmasters.testcases.MasterReimbursementSetupTest" name="verifyReimbursementsetupCumulativeadd" time="113.306"/>
  <testcase classname="com.hrmsmasters.testcases.MasterReimbursementSetupTest" name="verifyReimbursementsetupMonthlyadd" time="113.286"/>
  <testcase classname="com.hrmsmasters.testcases.MasterReimbursementSetupTest" name="verifyReimbursementsetupReimbursementComponentMandatroyField" time="8.124"/>
  <testcase classname="com.hrmsmasters.testcases.MasterReimbursementSetupTest" name="verifyMasterReimbursementsetupEntitleComputationMandatroyField" time="113.926"/>
  <testcase classname="com.hrmsmasters.testcases.MasterReimbursementSetupTest" name="verifyMasterReimbursementSetupCumulativeRadioBtnResetBtn" time="113.795"/>
  <testcase classname="com.hrmsmasters.testcases.MasterReimbursementSetupTest" name="verifyMasterReimbursementSetupMonthlyradioBtnResetBtn" time="113.754"/>
  <testcase classname="com.hrmsmasters.testcases.MasterReimbursementReimbursementWindowTest" name="verifyReimbursementWindowResetBtn" time="12.483"/>
  <testcase classname="com.hrmsmasters.testcases.MasterReimbursementBillsTest" name="verifyReimbursementBillsCheck" time="114.644"/>
  <testcase classname="com.hrmsmasters.testcases.MasterReimbursementBillsTest" name="verifyMasterReimbursementBillsPagination" time="58.847"/>
  <testcase classname="com.hrmsmasters.testcases.MasterReimbursementProcessTest" name="verifyReimbursementProcessCheck" time="4.652"/>
  <testcase classname="com.hrmsmasters.testcases.MasterReimbursementProcessTest" name="verifyReimbursementProcessrumCommandCheck" time="59.843"/>
  <testcase classname="com.hrmsmasters.testcases.MasterReimbursementProcessTest" name="verifyReimbursementsetupReimbursementComponentMandatroyField" time="3.774"/>
  <testcase classname="com.hrmsmasters.testcases.MasterReimbursementMonthlyPayListsTest" name="verifyReimbursementProcessCheck" time="4.462"/>
  <testcase classname="com.hrmsmasters.testcases.MasterReimbursementMonthlyPayListsTest" name="verifyReimbursementProcessrumCommandCheck" time="4.957"/>
  <testcase classname="com.hrmsmasters.testcases.MasterReimbursementMonthlyPayListsTest" name="verifyReimbursementsetupReimbursementComponentMandatroyField" time="3.729"/>
  <testcase classname="com.hrmsmasters.testcases.MasterReimbursementEmployeeListViewTest" name="verifyReimbursementEmployeeListView" time="3.715"/>
  <testcase classname="com.hrmsmasters.testcases.MasterReimbursementEmployeeListViewTest" name="verifyReimbursementEmployeeListViewListCommandCheck" time="4.904"/>
  <testcase classname="com.hrmsmasters.testcases.MasterReimbursementEmployeeListViewTest" name="verifyReimbursementEmployeeListViewComponentMandatroyField" time="4.041"/>
  <testcase classname="com.hrmsmasters.testcases.MasterReimbursementEndPeriodPayListsTest" name="verifyReimbursementEndPeriodPayLists" time="3.404"/>
  <testcase classname="com.hrmsmasters.testcases.MasterReimbursementEndPeriodPayListsTest" name="verifyReimbursementEndPeriodPayListsCheck" time="3.476"/>
  <testcase classname="com.hrmsmasters.testcases.MasterReimbursementEndPeriodPayListsTest" name="verifyMasterReimbursementEndPeriodPayListsPagination" time="58.877"/>
  <testcase classname="com.hrmsmasters.testcases.MasterReimbursementPayInPeriodTest" name="verifyReimbursementPayInPeriodMenuCheck" time="4.787"/>
  <testcase classname="com.hrmsmasters.testcases.MasterReimbursementPayInPeriodTest" name="verifyReimbursementPayInPeriodMenuCommandCheck" time="59.575"/>
  <testcase classname="com.hrmsmasters.testcases.MasterReimbursementPayInPeriodTest" name="verifyReimbursementPayInPeriodMenuEMPCODEMandatroyField" time="3.789"/>
  <testcase classname="com.hrmsmasters.testcases.MasterReimbursementExcelReportTest" name="verifyReimbursementExcelReportCheck" time="7.074"/>
  <testcase classname="com.hrmsmasters.testcases.MasterReimbursementExcelReportTest" name="verifyReimbursementExcelReportHeadingTextCheck" time="5.78"/>
  <testcase classname="com.hrmsmasters.testcases.MasterReimbursementExcelReportTest" name="verifyMasterReimbursementExcelReportPagination" time="58.63"/>
  <testcase classname="com.hrmsmasters.testcases.MasterStatutoryPFTest" name="verifyStatutoryPfAddCheck" time="39.882"/>
  <testcase classname="com.hrmsmasters.testcases.MasterStatutoryPFTest" name="verifyStatutoryMonthlyComponentMandatoryFieldCheck" time="37.083"/>
  <testcase classname="com.hrmsmasters.testcases.MasterStatutoryPFTest" name="verifyMasterReimbursementExcelReportPagination" time="58.515"/>
  <testcase classname="com.hrmsmasters.testcases.MasterStatutoryESITest" name="verifyStatutoryMenuESIUPDATECheck" time="5.92"/>
  <testcase classname="com.hrmsmasters.testcases.MasterStatutoryESITest" name="verifyMasterReimbursementExcelReportPagination" time="59.184"/>
  <testcase classname="com.hrmsmasters.testcases.MasterStatutoryPTTEST" name="verifyStatutoryPTAddCheck" time="70.874"/>
  <testcase classname="com.hrmsmasters.testcases.MasterStatutoryPTTEST" name="verifyStatutoryMenuPTResetButtonCheck" time="71.296"/>
  <testcase classname="com.hrmsmasters.testcases.MasterStatutoryPTTEST" name="verifyStatutoryMenuPTPolicynameMandatoryFieldCheck" time="70.074"/>
  <testcase classname="com.hrmsmasters.testcases.MasterStatutoryPTTEST" name="verifyStatutoryMenuPTCOUNTRYMandatoryFieldCheck" time="68.425"/>
  <testcase classname="com.hrmsmasters.testcases.MasterStatutoryPTTEST" name="VerifyEnterTsearchStatutoryMenuPTpagination" time="14.022"/>
  <testcase classname="com.hrmsmasters.testcases.MasterStatutoryLWFTEST" name="verifyStatutoryLWFAddCheck" time="12.543"/>
  <testcase classname="com.hrmsmasters.testcases.MasterStatutoryLWFTEST" name="verifyStatutoryMenuLWFResetButtonCheck" time="12.378"/>
  <testcase classname="com.hrmsmasters.testcases.MasterStatutoryLWFTEST" name="verifyStatutoryMenuLWFCountryMandatoryFieldCheck" time="10.306"/>
  <testcase classname="com.hrmsmasters.testcases.MasterStatutoryLWFTEST" name="verifyStatutoryMenuLWFSTATEMandatoryFieldCheck" time="11.427"/>
  <testcase classname="com.hrmsmasters.testcases.MasterStatutoryLWFTEST" name="verifyStatutoryMenuLWFEMPLOYEEMandatoryFieldCheck" time="11.522"/>
  <testcase classname="com.hrmsmasters.testcases.MasterStatutoryLWFTEST" name="verifyStatutoryMenuLWFEMPLOYERMandatoryFieldCheck" time="11.55"/>
  <testcase classname="com.hrmsmasters.testcases.MasterStatutoryLWFTEST" name="VerifyEnterTsearchStatutoryMenuLWFpagination" time="60.362"/>
  <testcase classname="com.hrmsmasters.testcases.MasterStatutorySuperAnnuationTest" name="verifyStatutorySuperAnnuationUpdateCheck" time="7.05"/>
  <testcase classname="com.hrmsmasters.testcases.MasterStatutorySuperAnnuationTest" name="verifyStatutoryMenuSuperAnnuationResetButtonCheck" time="6.915"/>
  <testcase classname="com.hrmsmasters.testcases.MasterAssetsAssetItemsTest" name="verifyAddAssets" time="6.94"/>
  <testcase classname="com.hrmsmasters.testcases.MasterAssetsAssetItemsTest" name="verifyAssetsItemCodeNegativeCheckVaidation" time="7.11"/>
  <testcase classname="com.hrmsmasters.testcases.MasterAssetsAssetItemsTest" name="verifyAssetsItemCodeMandatoryFieldVaidation" time="6.17"/>
  <testcase classname="com.hrmsmasters.testcases.MasterAssetsAssetItemsTest" name="verifyAssetsItemNameMandatoryFieldVaidation" time="6.268"/>
  <testcase classname="com.hrmsmasters.testcases.MasterAssetsAssetItemsTest" name="verifyAssetsResetButton" time="6.885"/>
  <testcase classname="com.hrmsmasters.testcases.MasterAssetsAssetItemsTest" name="VerifyEnterTheSearchAssetsPagination" time="3.74"/>
  <testcase classname="com.hrmsmasters.testcases.MasterExitManagementSetupTest" name="verifyUpdateExitManagementSetup" time="7.131"/>
  <testcase classname="com.hrmsmasters.testcases.MasterExitManagementExitTypeTest" name="verifyAddExitManagementExitType" time="0.0">
    <skipped/>
  </testcase> <!-- verifyAddExitManagementExitType -->
  <testcase classname="com.hrmsmasters.testcases.MasterExitManagementExitTypeTest" name="verifyExitManagementExitTypeNegativeCheck" time="0.0">
    <skipped/>
  </testcase> <!-- verifyExitManagementExitTypeNegativeCheck -->
  <testcase classname="com.hrmsmasters.testcases.MasterExitManagementExitTypeTest" name="verifyExitManagementExitTypeMandatoryfieldCheck" time="0.0">
    <skipped/>
  </testcase> <!-- verifyExitManagementExitTypeMandatoryfieldCheck -->
  <testcase classname="com.hrmsmasters.testcases.MasterExitManagementExitTypeTest" name="verifyExitManagementReasonforLeavingMandatoryfieldCheck" time="0.0">
    <skipped/>
  </testcase> <!-- verifyExitManagementReasonforLeavingMandatoryfieldCheck -->
  <testcase classname="com.hrmsmasters.testcases.MasterExitManagementExitTypeTest" name="verifyExitManagementExitTypereset" time="0.0">
    <skipped/>
  </testcase> <!-- verifyExitManagementExitTypereset -->
  <testcase classname="com.hrmsmasters.testcases.MasterExitManagementExitTypeTest" name="VerifyEnterTheSearchExitTypePagination" time="0.0">
    <skipped/>
  </testcase> <!-- VerifyEnterTheSearchExitTypePagination -->
  <testcase classname="com.hrmsmasters.testcases.MasterExitManagementNoduesTest" name="verifyAddMasterExitManagementNodues" time="9.33"/>
  <testcase classname="com.hrmsmasters.testcases.MasterExitManagementNoduesTest" name="verifyMasterExitManagementNoduesCategoryNameNegativeCheck" time="9.176"/>
  <testcase classname="com.hrmsmasters.testcases.MasterExitManagementNoduesTest" name="verifyMasterExitManagementNoduesDepartmantMandatoryFieldCheck" time="9.029"/>
  <testcase classname="com.hrmsmasters.testcases.MasterExitManagementNoduesTest" name="verifyMasterExitManagementNoduesCatecoryNameMandatoryFieldCheck" time="9.083"/>
  <testcase classname="com.hrmsmasters.testcases.MasterExitManagementNoduesTest" name="verifyMasterExitManagementNoduesreset" time="8.91"/>
  <testcase classname="com.hrmsmasters.testcases.MasterExitManagementNoduesTest" name="VerifyEnterTheSearchExitmanagementNoduescategorynamePagination" time="4.846"/>
  <testcase classname="com.hrmsmasters.testcases.MasterExitManagementInterviewQuestionsTest" name="verifyAddExitManagementInterviewQuestions" time="6.916"/>
  <testcase classname="com.hrmsmasters.testcases.MasterExitManagementInterviewQuestionsTest" name="verifyMasterExitManagementInterviewQuestionsNegativeCheck" time="6.818"/>
  <testcase classname="com.hrmsmasters.testcases.MasterExitManagementInterviewQuestionsTest" name="verifyMasterExitManagementInterviewQuestionsMandatoryFieldCheck" time="7.775"/>
  <testcase classname="com.hrmsmasters.testcases.MasterExitManagementInterviewQuestionsTest" name="verifyMasterExitManagementInterviewQuestionsreset" time="6.761"/>
  <testcase classname="com.hrmsmasters.testcases.MasterExitManagementInterviewQuestionsTest" name="VerifyEnterTheSearchInterviewPagination" time="4.599"/>
  <testcase classname="com.hrmsmasters.testcases.MasterExitManagementGratuityTest" name="verifyExitManagementGratuityAddCheck" time="13.721"/>
  <testcase classname="com.hrmsmasters.testcases.MasterExitManagementGratuityTest" name="verifyExitManagementGratuityResetButtonCheck" time="13.756"/>
  <testcase classname="com.hrmsmasters.testcases.MasterExitManagementGratuityTest" name="verifyExitManagementGratuityNumeratorMandatoryFieldCheck" time="12.553"/>
  <testcase classname="com.hrmsmasters.testcases.MasterExitManagementGratuityTest" name="verifyExitManagementGratuityDenominatorMandatoryFieldCheck" time="12.352"/>
  <testcase classname="com.hrmsmasters.testcases.MasterExitManagementGratuityTest" name="verifyExitManagementGratuityRuleMandatoryFieldCheck" time="12.408"/>
  <testcase classname="com.hrmsmasters.testcases.MasterDocumentMasterDocumentMasterTest" name="verifyAddDocumentMaster" time="5.661"/>
  <testcase classname="com.hrmsmasters.testcases.MasterDocumentMasterDocumentMasterTest" name="verifyMasterDocumentMastersNegativeCheck" time="5.519"/>
  <testcase classname="com.hrmsmasters.testcases.MasterDocumentMasterDocumentMasterTest" name="verifyMasterDocumentMastersMandatoryFieldCheck" time="4.667"/>
  <testcase classname="com.hrmsmasters.testcases.MasterDocumentMasterDocumentMasterTest" name="verifyMasterDocumentMasterResetButton" time="5.753"/>
  <testcase classname="com.hrmsmasters.testcases.MasterDocumentMasterDocumentMasterTest" name="VerifyEnterTheSearchDocumentMasterPagination" time="58.451"/>
  <testcase classname="com.hrmsmasters.testcases.MasterLetterTemplateLetterTempTest" name="verifyAddLetterTemplate" time="14.031"/>
  <testcase classname="com.hrmsmasters.testcases.MasterLetterTemplateLetterTempTest" name="verifyMasterLetterTemplateNegativeCheck" time="9.197"/>
  <testcase classname="com.hrmsmasters.testcases.MasterLetterTemplateLetterTempTest" name="verifyMasterLetterTemplateNameMandatoryFieldcheck" time="8.21"/>
  <testcase classname="com.hrmsmasters.testcases.MasterLetterTemplateLetterTempTest" name="verifyMasterLetterTemplateTypeMandatoryFieldcheck" time="9.512"/>
  <testcase classname="com.hrmsmasters.testcases.MasterLetterTemplateLetterTempTest" name="verifyMasterLetterTemplateInsertFieldMandatoryFieldcheck" time="9.041"/>
  <testcase classname="com.hrmsmasters.testcases.MasterLetterTemplateLetterTempTest" name="VerifyEnterTheSearchPositionTitlePagination" time="4.747"/>
</testsuite> <!-- HRMSAutomationMastersIndiaTesting -->
