<?xml version="1.0" encoding="UTF-8"?>
<!-- Generated by org.testng.reporters.JUnitXMLReporter -->
<testsuite ignored="0" hostname="angapparaja" failures="0" tests="17" name="HRMSAutomationCoreHrms" time="565.123" errors="0" timestamp="2023-02-02T19:34:23 IST">
  <testcase classname="com.hrmscorehrms.testcases.CoreHrmsIncrementArrearsSalaryChangeTest" name="@AfterMethod tearDown" time="0.002">
    <failure type="java.lang.NullPointerException">
      <![CDATA[java.lang.NullPointerException
at com.hrmscorehrms.testcases.CoreHrmsIncrementArrearsSalaryChangeTest.tearDown(CoreHrmsIncrementArrearsSalaryChangeTest.java:91)
at java.base/java.util.ArrayList.forEach(ArrayList.java:1541)
... Removed 32 stack frames]]>
    </failure>
  </testcase> <!-- @AfterMethod tearDown -->
  <testcase classname="com.hrmscorehrms.testcases.CoreHrmsIncrementArrearsSalaryChangeTest" name="@BeforeMethod setUp" time="-1.675346123166E9">
    <skipped/>
  </testcase> <!-- @BeforeMethod setUp -->
  <testcase classname="com.hrmscorehrms.testcases.CoreHrmsIncrementArrearsSalaryChangeTest" name="@AfterMethod tearDown" time="-1.675346123168E9">
    <skipped/>
  </testcase> <!-- @AfterMethod tearDown -->
  <testcase classname="com.hrmscorehrms.testcases.CoreHrmsIncrementArrearsSalaryChangeTest" name="@BeforeMethod setUp" time="-1.675346123169E9">
    <skipped/>
  </testcase> <!-- @BeforeMethod setUp -->
  <testcase classname="com.hrmscorehrms.testcases.CoreHrmsIncrementArrearsSalaryChangeTest" name="@AfterMethod tearDown" time="-1.675346123171E9">
    <skipped/>
  </testcase> <!-- @AfterMethod tearDown -->
  <testcase classname="com.hrmscorehrms.testcases.CoreHrmsIncrementArrearsSalaryChangeTest" name="@BeforeMethod setUp" time="-1.675346123171E9">
    <skipped/>
  </testcase> <!-- @BeforeMethod setUp -->
  <testcase classname="com.hrmscorehrms.testcases.CoreHrmsIncrementArrearsSalaryChangeTest" name="@AfterMethod tearDown" time="-1.675346123172E9">
    <skipped/>
  </testcase> <!-- @AfterMethod tearDown -->
  <testcase classname="com.hrmscorehrms.testcases.CoreHrmsIncrementArrearsSalaryChangeTest" name="verifySalaryChangeEmployeeCodePagination" time="3.79"/>
  <testcase classname="com.hrmscorehrms.testcases.CoreHrmsIncrementArrearsSalaryChangeTest" name="verifyNextbuttonPagination" time="0.0">
    <skipped/>
  </testcase> <!-- verifyNextbuttonPagination -->
  <testcase classname="com.hrmscorehrms.testcases.CoreHrmsIncrementArrearsSalaryChangeTest" name="VerifyEnterTheSearchBoxEmployeeNamePagination" time="0.0">
    <skipped/>
  </testcase> <!-- VerifyEnterTheSearchBoxEmployeeNamePagination -->
  <testcase classname="com.hrmscorehrms.testcases.CoreHrmsIncrementArrearsSalaryChangeTest" name="verifySalaryChangeIncrementEditValue" time="0.0">
    <skipped/>
  </testcase> <!-- verifySalaryChangeIncrementEditValue -->
  <testcase classname="com.hrmscorehrms.testcases.CoreHrmsIncreArrearCurrencyMonthIncListTest" name="verifyCurrentMonthINCListSearch" time="5.297"/>
  <testcase classname="com.hrmscorehrms.testcases.CoreHrmsIncreArrearCurrencyMonthIncListTest" name="verifyEmployeeHeadingCheck" time="4.271"/>
  <testcase classname="com.hrmscorehrms.testcases.CoreHrmsIncreArrearCurrencyMonthIncListTest" name="verifyEmployeeMoveToLiveCheck" time="61.423"/>
  <testcase classname="com.hrmscorehrms.testcases.CoreHrmsIncrementArrearsNewJoineeArrearTest" name="verifyNewJoineeArrearDownloadCheck" time="5.779"/>
  <testcase classname="com.hrmscorehrms.testcases.CoreHrmsIncrementArrearsNewJoineeArrearTest" name="verifyNewJoineeArrearUploadMandatoryFieldCheck" time="5.345"/>
  <testcase classname="com.hrmscorehrms.testcases.CoreHrmsIncrementArrearsNewJoineeArrearTest" name="verifyNewJoineeArrearUploadCheck" time="7.489"/>
  <testcase classname="com.hrmscorehrms.testcases.CoreHrmsIncrementArrearsLOPReversalTest" name="verifyLOPReversalPayRollDownloadCheck" time="59.322"/>
  <testcase classname="com.hrmscorehrms.testcases.CoreHrmsIncrementArrearsLOPReversalTest" name="verifyLOPReversalPayRollUploadMandatoryFieldCheck" time="59.511"/>
  <testcase classname="com.hrmscorehrms.testcases.CoreHrmsIncrementArrearsLOPReversalTest" name="verifyLOPReversalPayRollUploadCheck" time="59.34"/>
  <testcase classname="com.hrmscorehrms.testcases.CoreHrmsIncrementArrearsIncrementUploadTest" name="verifyincrementUploadDownloadCheck" time="5.912"/>
  <testcase classname="com.hrmscorehrms.testcases.CoreHrmsIncrementArrearsIncrementUploadTest" name="verifyincrementUploadMandatoryFieldCheck" time="4.896"/>
  <testcase classname="com.hrmscorehrms.testcases.CoreHrmsIncrementArrearsIncrementUploadTest" name="verifyincrementInvalidUploadCheck" time="4.442"/>
  <testcase classname="com.hrmscorehrms.testcases.CoreHrmsIncrementArrearsIncrementUploadTest" name="verifyincrementvalidUploadCheck" time="6.92"/>
</testsuite> <!-- HRMSAutomationCoreHrms -->
