<?xml version="1.0" encoding="UTF-8"?>
<!-- Generated by org.testng.reporters.JUnitXMLReporter -->
<testsuite ignored="6" hostname="angapparaja" failures="0" tests="1" name="Default test" time="31.06" errors="0" timestamp="2023-02-02T10:39:30 IST">
  <testcase classname="com.hrmscorehrmsselfcare.testcases.SlfPermissionObjectsTest" name="TableValidation" time="3.518"/>
  <testcase classname="com.hrmscorehrmsselfcare.testcases.SlfPermissionObjectsTest" name="Add" time="0.0">
    <ignored/>
  </testcase> <!-- Add -->
  <testcase classname="com.hrmscorehrmsselfcare.testcases.SlfPermissionObjectsTest" name="ViewIcon" time="0.0">
    <ignored/>
  </testcase> <!-- ViewIcon -->
  <testcase classname="com.hrmscorehrmsselfcare.testcases.SlfPermissionObjectsTest" name="Search" time="0.0">
    <ignored/>
  </testcase> <!-- Search -->
  <testcase classname="com.hrmscorehrmsselfcare.testcases.SlfPermissionObjectsTest" name="AplyAprvl" time="0.0">
    <ignored/>
  </testcase> <!-- AplyAprvl -->
  <testcase classname="com.hrmscorehrmsselfcare.testcases.SlfPermissionObjectsTest" name="EmptyAdd" time="0.0">
    <ignored/>
  </testcase> <!-- EmptyAdd -->
  <testcase classname="com.hrmscorehrmsselfcare.testcases.SlfPermissionObjectsTest" name="Edit" time="0.0">
    <ignored/>
  </testcase> <!-- Edit -->
</testsuite> <!-- Default test -->
